<?xml version="1.0" encoding="utf-8"?><testsuites name="pytest tests"><testsuite name="pytest" errors="0" failures="1" skipped="0" tests="5" time="2.510" timestamp="2026-01-27T14:47:47.543095+01:00" hostname="DESKTOP-TSTU04Q"><testcase classname="tests.test_datenschutz_score" name="test_document_contains_title" time="0.466"><failure message="AssertionError: assert 'Datenschutzz' in 'Firm UG\n+49 123 456 789\n18.01.2026\nFragen &amp; Antworten\n☑ Ist die Verarbeitung personenbezogener Daten nach DSGVO A...nden?\n☐ Datenschutzfolgeabschätzung nach Art.35,36 vorhanden?\n☐ Datenschutzmanagementsystem nach Art.24 etabliert?\n'">def test_document_contains_title():
        text = extract_text_from_pdf(PDF_FILE)
&gt;       assert 'Datenschutzz' in text
E       AssertionError: assert 'Datenschutzz' in 'Firm UG\n+49 123 456 789\n18.01.2026\nFragen &amp; Antworten\n☑ Ist die Verarbeitung personenbezogener Daten nach DSGVO A...nden?\n☐ Datenschutzfolgeabschätzung nach Art.35,36 vorhanden?\n☐ Datenschutzmanagementsystem nach Art.24 etabliert?\n'

tests\test_datenschutz_score.py:14: AssertionError</failure></testcase><testcase classname="tests.test_datenschutz_score" name="test_score_word_present" time="0.422" /><testcase classname="tests.test_datenschutz_score" name="test_checkboxes_present" time="0.437" /><testcase classname="tests.test_datenschutz_score" name="test_images_exist" time="0.085" /><testcase classname="tests.test_datenschutz_score" name="test_document_not_empty" time="0.418" /></testsuite></testsuites>